2017-11-04 15:57:27 Error: Fatal Error (4): syntax error, unexpected ':', expecting ')' in [/var/www/vhosts/park.mq-sol.jp/httpdocs/cakephp/app/Model/ParkList.php, line 32]
2017-11-04 15:57:27 Error: [FatalErrorException] syntax error, unexpected ':', expecting ')'
Request URL: /park_lists/geojson
Stack Trace:
#0 /var/www/vhosts/park.mq-sol.jp/httpdocs/cakephp/lib/Cake/Error/ErrorHandler.php(212): ErrorHandler::handleFatalError(4, 'syntax error, u...', '/var/www/vhosts...', 32)
#1 [internal function]: ErrorHandler::handleError(4, 'syntax error, u...', '/var/www/vhosts...', 32, Array)
#2 /var/www/vhosts/park.mq-sol.jp/httpdocs/cakephp/lib/Cake/Core/App.php(970): call_user_func('ErrorHandler::h...', 4, 'syntax error, u...', '/var/www/vhosts...', 32, Array)
#3 /var/www/vhosts/park.mq-sol.jp/httpdocs/cakephp/lib/Cake/Core/App.php(943): App::_checkFatalError()
#4 [internal function]: App::shutdown()
#5 {main}
2017-11-04 15:59:14 Error: Fatal Error (1): Maximum execution time of 30 seconds exceeded in [/var/www/vhosts/park.mq-sol.jp/httpdocs/cakephp/lib/Cake/Utility/Debugger.php, line 483]
2017-11-04 15:59:14 Error: [FatalErrorException] Maximum execution time of 30 seconds exceeded
Request URL: /park_lists/geojson
Stack Trace:
#0 /var/www/vhosts/park.mq-sol.jp/httpdocs/cakephp/lib/Cake/Error/ErrorHandler.php(212): ErrorHandler::handleFatalError(1, 'Maximum executi...', '/var/www/vhosts...', 483)
#1 [internal function]: ErrorHandler::handleError(1, 'Maximum executi...', '/var/www/vhosts...', 483, Array)
#2 /var/www/vhosts/park.mq-sol.jp/httpdocs/cakephp/lib/Cake/Core/App.php(970): call_user_func('ErrorHandler::h...', 1, 'Maximum executi...', '/var/www/vhosts...', 483, Array)
#3 /var/www/vhosts/park.mq-sol.jp/httpdocs/cakephp/lib/Cake/Core/App.php(943): App::_checkFatalError()
#4 [internal function]: App::shutdown()
#5 {main}
2017-11-04 15:59:54 Error: Fatal Error (1): Maximum execution time of 30 seconds exceeded in [/var/www/vhosts/park.mq-sol.jp/httpdocs/cakephp/lib/Cake/Utility/Debugger.php, line 529]
2017-11-04 15:59:54 Error: [FatalErrorException] Maximum execution time of 30 seconds exceeded
Request URL: /park_lists/geojson
Stack Trace:
#0 /var/www/vhosts/park.mq-sol.jp/httpdocs/cakephp/lib/Cake/Error/ErrorHandler.php(212): ErrorHandler::handleFatalError(1, 'Maximum executi...', '/var/www/vhosts...', 529)
#1 [internal function]: ErrorHandler::handleError(1, 'Maximum executi...', '/var/www/vhosts...', 529, Array)
#2 /var/www/vhosts/park.mq-sol.jp/httpdocs/cakephp/lib/Cake/Core/App.php(970): call_user_func('ErrorHandler::h...', 1, 'Maximum executi...', '/var/www/vhosts...', 529, Array)
#3 /var/www/vhosts/park.mq-sol.jp/httpdocs/cakephp/lib/Cake/Core/App.php(943): App::_checkFatalError()
#4 [internal function]: App::shutdown()
#5 {main}
2017-11-04 16:10:21 Error: [MissingControllerException] Controller class MapController could not be found.
Exception Attributes: array (
  'class' => 'MapController',
  'plugin' => NULL,
)
Request URL: /map/
Stack Trace:
#0 /var/www/vhosts/park.mq-sol.jp/httpdocs/cakephp/app/webroot/index.php(118): Dispatcher->dispatch(Object(CakeRequest), Object(CakeResponse))
#1 {main}
2017-11-04 16:34:25 Error: [MissingControllerException] Controller class PrakListsController could not be found.
Exception Attributes: array (
  'class' => 'PrakListsController',
  'plugin' => NULL,
)
Request URL: /prak_lists/geojson
Stack Trace:
#0 /var/www/vhosts/park.mq-sol.jp/httpdocs/cakephp/app/webroot/index.php(118): Dispatcher->dispatch(Object(CakeRequest), Object(CakeResponse))
#1 {main}
2017-11-04 16:34:29 Error: [MissingControllerException] Controller class PrakListsController could not be found.
Exception Attributes: array (
  'class' => 'PrakListsController',
  'plugin' => NULL,
)
Request URL: /prak_lists/geojson
Stack Trace:
#0 /var/www/vhosts/park.mq-sol.jp/httpdocs/cakephp/app/webroot/index.php(118): Dispatcher->dispatch(Object(CakeRequest), Object(CakeResponse))
#1 {main}
2017-11-04 19:29:26 Error: Fatal Error (4): syntax error, unexpected '}' in [/var/www/vhosts/park.mq-sol.jp/httpdocs/cakephp/app/View/Pages/map.ctp, line 16]
2017-11-04 19:29:26 Error: [FatalErrorException] syntax error, unexpected '}'
Request URL: /pages/map
Stack Trace:
#0 /var/www/vhosts/park.mq-sol.jp/httpdocs/cakephp/lib/Cake/Error/ErrorHandler.php(212): ErrorHandler::handleFatalError(4, 'syntax error, u...', '/var/www/vhosts...', 16)
#1 [internal function]: ErrorHandler::handleError(4, 'syntax error, u...', '/var/www/vhosts...', 16, Array)
#2 /var/www/vhosts/park.mq-sol.jp/httpdocs/cakephp/lib/Cake/Core/App.php(970): call_user_func('ErrorHandler::h...', 4, 'syntax error, u...', '/var/www/vhosts...', 16, Array)
#3 /var/www/vhosts/park.mq-sol.jp/httpdocs/cakephp/lib/Cake/Core/App.php(943): App::_checkFatalError()
#4 [internal function]: App::shutdown()
#5 {main}
2017-11-04 19:34:41 Error: [MissingViewException] View file "Pages/map/gps.ctp" is missing.
Exception Attributes: array (
  'file' => 'Pages/map/gps.ctp',
)
Request URL: /pages/map/gps
Stack Trace:
#0 /var/www/vhosts/park.mq-sol.jp/httpdocs/cakephp/lib/Cake/View/View.php(470): View->_getViewFileName('map/gps')
#1 /var/www/vhosts/park.mq-sol.jp/httpdocs/cakephp/lib/Cake/Controller/Controller.php(963): View->render('map/gps', NULL)
#2 /var/www/vhosts/park.mq-sol.jp/httpdocs/cakephp/app/Controller/PagesController.php(72): Controller->render('map/gps')
#3 [internal function]: PagesController->display('map', 'gps')
#4 /var/www/vhosts/park.mq-sol.jp/httpdocs/cakephp/lib/Cake/Controller/Controller.php(491): ReflectionMethod->invokeArgs(Object(PagesController), Array)
#5 /var/www/vhosts/park.mq-sol.jp/httpdocs/cakephp/lib/Cake/Routing/Dispatcher.php(193): Controller->invokeAction(Object(CakeRequest))
#6 /var/www/vhosts/park.mq-sol.jp/httpdocs/cakephp/lib/Cake/Routing/Dispatcher.php(167): Dispatcher->_invoke(Object(PagesController), Object(CakeRequest))
#7 /var/www/vhosts/park.mq-sol.jp/httpdocs/cakephp/app/webroot/index.php(118): Dispatcher->dispatch(Object(CakeRequest), Object(CakeResponse))
#8 {main}
